Using pre-set license
Built from '2022.2/staging' branch; Version is '2022.2.14f1 (b2c9b1ac6cc0) revision 11717041'; Using compiler version '192829333'; Build Type 'Release'
OS: 'Windows 10  (10.0.19045) 64bit Education' Language: 'en' Physical Memory: 16268 MB
BatchMode: 1, IsHumanControllingUs: 0, StartBugReporterOnCrash: 0, Is64bit: 1, IsPro: 1

COMMAND LINE ARGUMENTS:
C:\Program Files\Unity 2022.2.14f1\Editor\Unity.exe
-adb2
-batchMode
-noUpm
-name
AssetImportWorker2
-projectPath
H:/veryimportantproject
-logFile
Logs/AssetImportWorker2.log
-srvPort
55503
Successfully changed project path to: H:/veryimportantproject
H:/veryimportantproject
[UnityMemory] Configuration Parameters - Can be set up in boot.config
    "memorysetup-bucket-allocator-granularity=16"
    "memorysetup-bucket-allocator-bucket-count=8"
    "memorysetup-bucket-allocator-block-size=33554432"
    "memorysetup-bucket-allocator-block-count=8"
    "memorysetup-main-allocator-block-size=16777216"
    "memorysetup-thread-allocator-block-size=16777216"
    "memorysetup-gfx-main-allocator-block-size=16777216"
    "memorysetup-gfx-thread-allocator-block-size=16777216"
    "memorysetup-cache-allocator-block-size=4194304"
    "memorysetup-typetree-allocator-block-size=2097152"
    "memorysetup-profiler-bucket-allocator-granularity=16"
    "memorysetup-profiler-bucket-allocator-bucket-count=8"
    "memorysetup-profiler-bucket-allocator-block-size=33554432"
    "memorysetup-profiler-bucket-allocator-block-count=8"
    "memorysetup-profiler-allocator-block-size=16777216"
    "memorysetup-profiler-editor-allocator-block-size=1048576"
    "memorysetup-temp-allocator-size-main=16777216"
    "memorysetup-job-temp-allocator-block-size=2097152"
    "memorysetup-job-temp-allocator-block-size-background=1048576"
    "memorysetup-job-temp-allocator-reduction-small-platforms=262144"
    "memorysetup-temp-allocator-size-background-worker=32768"
    "memorysetup-temp-allocator-size-job-worker=262144"
    "memorysetup-temp-allocator-size-preload-manager=33554432"
    "memorysetup-temp-allocator-size-nav-mesh-worker=65536"
    "memorysetup-temp-allocator-size-audio-worker=65536"
    "memorysetup-temp-allocator-size-cloud-worker=32768"
    "memorysetup-temp-allocator-size-gi-baking-worker=262144"
    "memorysetup-temp-allocator-size-gfx=262144"
Player connection [1948] Host "[IP] 172.16.20.75 [Port] 0 [Flags] 2 [Guid] 1593026964 [EditorId] 1593026964 [Version] 1048832 [Id] WindowsEditor(7,W-DT-B3-12) [Debug] 1 [PackageName] WindowsEditor [ProjectName] Editor" joined multi-casting on [225.0.0.222:54997]...

Player connection [1948] Host "[IP] 172.16.20.75 [Port] 0 [Flags] 2 [Guid] 1593026964 [EditorId] 1593026964 [Version] 1048832 [Id] WindowsEditor(7,W-DT-B3-12) [Debug] 1 [PackageName] WindowsEditor [ProjectName] Editor" joined alternative multi-casting on [225.0.0.222:34997]...

Refreshing native plugins compatible for Editor in 452.95 ms, found 4 plugins.
Preloading 0 native plugins for Editor in 0.00 ms.
Initialize engine version: 2022.2.14f1 (b2c9b1ac6cc0)
[Subsystems] Discovering subsystems at path C:/Program Files/Unity 2022.2.14f1/Editor/Data/Resources/UnitySubsystems
[Subsystems] Discovering subsystems at path H:/veryimportantproject/Assets
GfxDevice: creating device client; threaded=0; jobified=0
Direct3D:
    Version:  Direct3D 11.0 [level 11.1]
    Renderer: NVIDIA GeForce RTX 3060 (ID=0x2504)
    Vendor:   NVIDIA
    VRAM:     12142 MB
    Driver:   31.0.15.1702
Initialize mono
Mono path[0] = 'C:/Program Files/Unity 2022.2.14f1/Editor/Data/Managed'
Mono path[1] = 'C:/Program Files/Unity 2022.2.14f1/Editor/Data/MonoBleedingEdge/lib/mono/unityjit-win32'
Mono config path = 'C:/Program Files/Unity 2022.2.14f1/Editor/Data/MonoBleedingEdge/etc'
Using monoOptions --debugger-agent=transport=dt_socket,embedding=1,server=y,suspend=n,address=127.0.0.1:56744
Begin MonoManager ReloadAssembly
Registering precompiled unity dll's ...
Register platform support module: C:/Program Files/Unity 2022.2.14f1/Editor/Data/PlaybackEngines/WindowsStandaloneSupport/UnityEditor.WindowsStandalone.Extensions.dll
Registered in 0.076001 seconds.
- Loaded All Assemblies, in  4.206 seconds
Native extension for WindowsStandalone target not found
Mono: successfully reloaded assembly
- Finished resetting the current domain, in  0.246 seconds
Domain Reload Profiling:
	ReloadAssembly (3684ms)
		BeginReloadAssembly (3274ms)
			ExecutionOrderSort (0ms)
			DisableScriptedObjects (0ms)
			BackupInstance (0ms)
			ReleaseScriptingObjects (0ms)
			CreateAndSetChildDomain (1ms)
		LoadAllAssembliesAndSetupDomain (0ms)
			LoadAssemblies (3271ms)
			RebuildTransferFunctionScriptingTraits (0ms)
			SetupTypeCache (514ms)
				TypeCache.Initialize (513ms)
					TypeCache.ScanAssembly (511ms)
				ResolveRequiredComponents (1ms)
		FinalizeReload (0ms)
			ReleaseScriptCaches (0ms)
			RebuildScriptCaches (0ms)
			SetupLoadedEditorAssemblies (202ms)
				LogAssemblyErrors (0ms)
				InitializePlatformSupportModulesInManaged (7ms)
				SetLoadedEditorAssemblies (6ms)
				RefreshPlugins (0ms)
				BeforeProcessingInitializeOnLoad (1ms)
				ProcessInitializeOnLoadAttributes (114ms)
				ProcessInitializeOnLoadMethodAttributes (75ms)
				AfterProcessingInitializeOnLoad (0ms)
				EditorAssembliesLoaded (0ms)
			ExecutionOrderSort2 (0ms)
			AwakeInstancesAfterBackupRestoration (0ms)
========================================================================
Worker process is ready to serve import requests
Begin MonoManager ReloadAssembly
Symbol file LoadedFromMemory doesn't match image H:\veryimportantproject\Library\PackageCache\com.unity.visualscripting@1.8.0\Editor\VisualScripting.Core\Dependencies\YamlDotNet\Unity.VisualScripting.YamlDotNet.dll
Symbol file LoadedFromMemory doesn't match image H:\veryimportantproject\Library\PackageCache\com.unity.visualscripting@1.8.0\Editor\VisualScripting.Core\Dependencies\DotNetZip\Unity.VisualScripting.IonicZip.dll
- Loaded All Assemblies, in 11.356 seconds
Refreshing native plugins compatible for Editor in 207.47 ms, found 4 plugins.
Native extension for WindowsStandalone target not found
Mono: successfully reloaded assembly
- Finished resetting the current domain, in  1.737 seconds
Domain Reload Profiling:
	ReloadAssembly (385ms)
		BeginReloadAssembly (125ms)
			ExecutionOrderSort (0ms)
			DisableScriptedObjects (4ms)
			BackupInstance (0ms)
			ReleaseScriptingObjects (0ms)
			CreateAndSetChildDomain (29ms)
		LoadAllAssembliesAndSetupDomain (10746ms)
			LoadAssemblies (10351ms)
			RebuildTransferFunctionScriptingTraits (0ms)
			SetupTypeCache (445ms)
				TypeCache.Initialize (426ms)
					TypeCache.ScanAssembly (420ms)
				ResolveRequiredComponents (4ms)
		FinalizeReload (0ms)
			ReleaseScriptCaches (0ms)
			RebuildScriptCaches (0ms)
			SetupLoadedEditorAssemblies (1602ms)
				LogAssemblyErrors (0ms)
				InitializePlatformSupportModulesInManaged (5ms)
				SetLoadedEditorAssemblies (2ms)
				RefreshPlugins (0ms)
				BeforeProcessingInitializeOnLoad (105ms)
				ProcessInitializeOnLoadAttributes (1467ms)
				ProcessInitializeOnLoadMethodAttributes (15ms)
				AfterProcessingInitializeOnLoad (8ms)
				EditorAssembliesLoaded (0ms)
			ExecutionOrderSort2 (0ms)
			AwakeInstancesAfterBackupRestoration (5ms)
database is locked
Failed to delete database file Library/ShaderCache.db
Launched and connected shader compiler UnityShaderCompiler.exe after 0.03 seconds
Refreshing native plugins compatible for Editor in 66.88 ms, found 4 plugins.
Preloading 0 native plugins for Editor in 0.00 ms.
Unloading 4130 Unused Serialized files (Serialized files now loaded: 0)
Unloading 76 unused Assets / (1.5 MB). Loaded Objects now: 4610.
Memory consumption went from 166.0 MB to 164.5 MB.
Total: 4.800800 ms (FindLiveObjects: 0.497500 ms CreateObjectMapping: 0.345800 ms MarkObjects: 3.290700 ms  DeleteObjects: 0.665800 ms)

AssetImportParameters requested are different than current active one (requested -> active):
  custom:container-demuxer-ogg: 62fdf1f143b41e24485cea50d1cbac27 -> 
  custom:video-decoder-ogg-theora: a1e56fd34408186e4bbccfd4996cb3dc -> 
  custom:framework-win-MediaFoundation: 216162199b28c13a410421893ffa2e32 -> 
  custom:container-demuxer-webm: 4f35f7cbe854078d1ac9338744f61a02 -> 
  custom:container-muxer-webm: aa71ff27fc2769a1b78a27578f13a17b -> 
  custom:video-decoder-webm-vp8: 9c59270c3fd7afecdb556c50c9e8de78 -> 
  custom:AudioImporter_EditorPlatform: d09bf68614088b80899f8185d706f6e7 -> 
  custom:video-encoder-webm-vp8: eb34c28f22e8b96e1ab97ce403110664 -> 
  custom:audio-decoder-ogg-vorbis: bf7c407c2cedff20999df2af8eb42d56 -> 
  custom:audio-encoder-webm-vorbis: bf7c407c2cedff20999df2af8eb42d56 -> 
========================================================================
Received Import Request.
  Time since last request: 91122.382833 seconds.
  path: Assets/Scripts/SunPreset.asset
  artifactKey: Guid(6e5578e8d97892f4eba3ffa5b811235b) Importer(815301076,1909f56bfc062723c751e8b465ee728b)
Start importing Assets/Scripts/SunPreset.asset using Guid(6e5578e8d97892f4eba3ffa5b811235b) Importer(815301076,1909f56bfc062723c751e8b465ee728b)  -> (artifact id: 'bc0e09823a5bd3f4a85fa94c78255352') in 0.026422 seconds
Number of updated asset objects reloaded before import = 0
Number of asset objects unloaded after import = 1
========================================================================
Received Prepare
Begin MonoManager ReloadAssembly
Symbol file LoadedFromMemory doesn't match image H:\veryimportantproject\Library\PackageCache\com.unity.visualscripting@1.8.0\Editor\VisualScripting.Core\Dependencies\YamlDotNet\Unity.VisualScripting.YamlDotNet.dll
Symbol file LoadedFromMemory doesn't match image H:\veryimportantproject\Library\PackageCache\com.unity.visualscripting@1.8.0\Editor\VisualScripting.Core\Dependencies\DotNetZip\Unity.VisualScripting.IonicZip.dll
- Loaded All Assemblies, in  1.843 seconds
Refreshing native plugins compatible for Editor in 7.68 ms, found 4 plugins.
Native extension for WindowsStandalone target not found
Mono: successfully reloaded assembly
- Finished resetting the current domain, in 53.244 seconds
Domain Reload Profiling:
	ReloadAssembly (228ms)
		BeginReloadAssembly (161ms)
			ExecutionOrderSort (0ms)
			DisableScriptedObjects (4ms)
			BackupInstance (0ms)
			ReleaseScriptingObjects (0ms)
			CreateAndSetChildDomain (34ms)
		LoadAllAssembliesAndSetupDomain (1606ms)
			LoadAssemblies (1410ms)
			RebuildTransferFunctionScriptingTraits (0ms)
			SetupTypeCache (240ms)
				TypeCache.Initialize (235ms)
					TypeCache.ScanAssembly (228ms)
				ResolveRequiredComponents (5ms)
		FinalizeReload (0ms)
			ReleaseScriptCaches (0ms)
			RebuildScriptCaches (0ms)
			SetupLoadedEditorAssemblies (1872ms)
				LogAssemblyErrors (0ms)
				InitializePlatformSupportModulesInManaged (5ms)
				SetLoadedEditorAssemblies (3ms)
				RefreshPlugins (0ms)
				BeforeProcessingInitializeOnLoad (89ms)
				ProcessInitializeOnLoadAttributes (1750ms)
				ProcessInitializeOnLoadMethodAttributes (17ms)
				AfterProcessingInitializeOnLoad (8ms)
				EditorAssembliesLoaded (0ms)
			ExecutionOrderSort2 (0ms)
			AwakeInstancesAfterBackupRestoration (5ms)
Refreshing native plugins compatible for Editor in 385.28 ms, found 4 plugins.
Preloading 0 native plugins for Editor in 0.00 ms.
Unloading 4064 Unused Serialized files (Serialized files now loaded: 0)
Unloading 42 unused Assets / (1.4 MB). Loaded Objects now: 4626.
Memory consumption went from 150.9 MB to 149.4 MB.
Total: 3.492100 ms (FindLiveObjects: 0.351200 ms CreateObjectMapping: 0.126700 ms MarkObjects: 2.625300 ms  DeleteObjects: 0.387800 ms)

Prepare: number of updated asset objects reloaded= 0
AssetImportParameters requested are different than current active one (requested -> active):
  custom:container-demuxer-ogg: 62fdf1f143b41e24485cea50d1cbac27 -> 
  custom:video-decoder-ogg-theora: a1e56fd34408186e4bbccfd4996cb3dc -> 
  custom:framework-win-MediaFoundation: 216162199b28c13a410421893ffa2e32 -> 
  custom:container-demuxer-webm: 4f35f7cbe854078d1ac9338744f61a02 -> 
  custom:container-muxer-webm: aa71ff27fc2769a1b78a27578f13a17b -> 
  custom:video-decoder-webm-vp8: 9c59270c3fd7afecdb556c50c9e8de78 -> 
  custom:AudioImporter_EditorPlatform: d09bf68614088b80899f8185d706f6e7 -> 
  custom:video-encoder-webm-vp8: eb34c28f22e8b96e1ab97ce403110664 -> 
  custom:audio-decoder-ogg-vorbis: bf7c407c2cedff20999df2af8eb42d56 -> 
  custom:audio-encoder-webm-vorbis: bf7c407c2cedff20999df2af8eb42d56 -> 
========================================================================
Received Import Request.
  Time since last request: 950.364837 seconds.
  path: Assets/MrBeastfbx.fbx
  artifactKey: Guid(06f576f71862b124c82c2cf20089aeca) Importer(815301076,1909f56bfc062723c751e8b465ee728b)
Start importing Assets/MrBeastfbx.fbx using Guid(06f576f71862b124c82c2cf20089aeca) Importer(815301076,1909f56bfc062723c751e8b465ee728b)  -> (artifact id: 'f0349e9cfb0c59023cb16c8c89a707f6') in 0.222864 seconds
Number of updated asset objects reloaded before import = 0
Number of asset objects unloaded after import = 818
========================================================================
Received Import Request.
  Time since last request: 26.955346 seconds.
  path: Assets/Materials
  artifactKey: Guid(cc32c800011001440b0c0b28e64b35a1) Importer(815301076,1909f56bfc062723c751e8b465ee728b)
Start importing Assets/Materials using Guid(cc32c800011001440b0c0b28e64b35a1) Importer(815301076,1909f56bfc062723c751e8b465ee728b)  -> (artifact id: '557c34e1ec34aaebdf8fb3ca2093f205') in 0.001060 seconds
Number of updated asset objects reloaded before import = 0
Number of asset objects unloaded after import = 0
========================================================================
Received Import Request.
  Time since last request: 0.054292 seconds.
  path: Assets/Materials/Farm Stage -1.png
  artifactKey: Guid(c97877b1c4b102d47a97eb5a940f2c13) Importer(815301076,1909f56bfc062723c751e8b465ee728b)
Start importing Assets/Materials/Farm Stage -1.png using Guid(c97877b1c4b102d47a97eb5a940f2c13) Importer(815301076,1909f56bfc062723c751e8b465ee728b)  -> (artifact id: '2ac4e483cfa7680c77433b3ac9c505de') in 0.093856 seconds
Number of updated asset objects reloaded before import = 0
Number of asset objects unloaded after import = 2
========================================================================
Received Import Request.
  Time since last request: 0.000013 seconds.
  path: Assets/Materials/stone-texture.png
  artifactKey: Guid(52a0eec3e1c57bb468855864fc86eb55) Importer(815301076,1909f56bfc062723c751e8b465ee728b)
Start importing Assets/Materials/stone-texture.png using Guid(52a0eec3e1c57bb468855864fc86eb55) Importer(815301076,1909f56bfc062723c751e8b465ee728b)  -> (artifact id: '8e4d2c9bd67f9abf0beb39c6558475f1') in 0.085566 seconds
Number of updated asset objects reloaded before import = 0
Number of asset objects unloaded after import = 2
========================================================================
Received Import Request.
  Time since last request: 0.000019 seconds.
  path: Assets/Materials/path.png
  artifactKey: Guid(dde8a1fff4923594e9876072f042e4f7) Importer(815301076,1909f56bfc062723c751e8b465ee728b)
Start importing Assets/Materials/path.png using Guid(dde8a1fff4923594e9876072f042e4f7) Importer(815301076,1909f56bfc062723c751e8b465ee728b)  -> (artifact id: 'a3f300054e2be06781ed1b56f9428943') in 0.068469 seconds
Number of updated asset objects reloaded before import = 0
Number of asset objects unloaded after import = 2
========================================================================
Received Import Request.
  Time since last request: 0.000017 seconds.
  path: Assets/Materials/New Material 2.mat
  artifactKey: Guid(c114c0dde3569654e98b13aefdbbe462) Importer(815301076,1909f56bfc062723c751e8b465ee728b)
Start importing Assets/Materials/New Material 2.mat using Guid(c114c0dde3569654e98b13aefdbbe462) Importer(815301076,1909f56bfc062723c751e8b465ee728b)  -> (artifact id: 'ce1883d7c16c4f0b651e9f0385a6ef1a') in 0.052851 seconds
Number of updated asset objects reloaded before import = 0
Number of asset objects unloaded after import = 1
========================================================================
Received Import Request.
  Time since last request: 0.000022 seconds.
  path: Assets/Materials/grass-green.png
  artifactKey: Guid(cd7c7194a69577b47a78927493d4e3fa) Importer(815301076,1909f56bfc062723c751e8b465ee728b)
Start importing Assets/Materials/grass-green.png using Guid(cd7c7194a69577b47a78927493d4e3fa) Importer(815301076,1909f56bfc062723c751e8b465ee728b)  -> (artifact id: '2ec45e171ec90756c1a5dce991efcc95') in 0.069281 seconds
Number of updated asset objects reloaded before import = 0
Number of asset objects unloaded after import = 2
========================================================================
Received Import Request.
  Time since last request: 0.000015 seconds.
  path: Assets/Materials/Farm Stage 3.png
  artifactKey: Guid(f13c5cc9668f4484e9d1648ef6fc5857) Importer(815301076,1909f56bfc062723c751e8b465ee728b)
Start importing Assets/Materials/Farm Stage 3.png using Guid(f13c5cc9668f4484e9d1648ef6fc5857) Importer(815301076,1909f56bfc062723c751e8b465ee728b)  -> (artifact id: 'fb26153cc47856cd4d941e81406effeb') in 0.068544 seconds
Number of updated asset objects reloaded before import = 0
Number of asset objects unloaded after import = 2
========================================================================
Received Import Request.
  Time since last request: 5.215625 seconds.
  path: Assets/Materials/MrBeast
  artifactKey: Guid(c63cebdafdf70ca4aa20547f76cb1b8f) Importer(815301076,1909f56bfc062723c751e8b465ee728b)
Start importing Assets/Materials/MrBeast using Guid(c63cebdafdf70ca4aa20547f76cb1b8f) Importer(815301076,1909f56bfc062723c751e8b465ee728b)  -> (artifact id: '0c25da28fd21d5b578326fffcec8bc13') in 0.000443 seconds
Number of updated asset objects reloaded before import = 0
Number of asset objects unloaded after import = 0
========================================================================
Received Import Request.
  Time since last request: 12.102714 seconds.
  path: Assets/Materials/MrBeast/Head.mat
  artifactKey: Guid(39f20e586c47f33459a0292e85c6d551) Importer(815301076,1909f56bfc062723c751e8b465ee728b)
Start importing Assets/Materials/MrBeast/Head.mat using Guid(39f20e586c47f33459a0292e85c6d551) Importer(815301076,1909f56bfc062723c751e8b465ee728b)  -> (artifact id: '15c881bc054e116e3e38cab1e5d9e7e2') in 0.037024 seconds
Number of updated asset objects reloaded before import = 0
Number of asset objects unloaded after import = 1
========================================================================
Received Import Request.
  Time since last request: 11.188995 seconds.
  path: Assets/Materials/MrBeast/Images
  artifactKey: Guid(f8a8f2494c6bd564ea5c40fedb8b5aef) Importer(815301076,1909f56bfc062723c751e8b465ee728b)
Start importing Assets/Materials/MrBeast/Images using Guid(f8a8f2494c6bd564ea5c40fedb8b5aef) Importer(815301076,1909f56bfc062723c751e8b465ee728b)  -> (artifact id: '6db2be542ffdc293dfb217cf55bddd3e') in 0.000441 seconds
Number of updated asset objects reloaded before import = 0
Number of asset objects unloaded after import = 0
========================================================================
Received Import Request.
  Time since last request: 11.396382 seconds.
  path: Assets/Materials/MrBeast/T_M_MED_Lettuce_Body_D.png
  artifactKey: Guid(8a02f99ae8107e0409b4842dd79d3773) Importer(815301076,1909f56bfc062723c751e8b465ee728b)
Start importing Assets/Materials/MrBeast/T_M_MED_Lettuce_Body_D.png using Guid(8a02f99ae8107e0409b4842dd79d3773) Importer(815301076,1909f56bfc062723c751e8b465ee728b)  -> (artifact id: 'ff4d1fb11985f48807a1f380d5710a76') in 0.041150 seconds
Number of updated asset objects reloaded before import = 0
Number of asset objects unloaded after import = 2
========================================================================
Received Import Request.
  Time since last request: 0.000018 seconds.
  path: Assets/Materials/MrBeast/T_M_MED_Lettuce_Head_D.png
  artifactKey: Guid(76a39cdbaa016f345b23b0687f90194f) Importer(815301076,1909f56bfc062723c751e8b465ee728b)
Start importing Assets/Materials/MrBeast/T_M_MED_Lettuce_Head_D.png using Guid(76a39cdbaa016f345b23b0687f90194f) Importer(815301076,1909f56bfc062723c751e8b465ee728b)  -> (artifact id: '8ca7df49e86253a756810d314ef695c6') in 0.024665 seconds
Number of updated asset objects reloaded before import = 0
Number of asset objects unloaded after import = 2
========================================================================
Received Import Request.
  Time since last request: 27.350700 seconds.
  path: Assets/Materials/MrBeast/hAIR.mat
  artifactKey: Guid(282d9b82252529c49813ecc7782cae4d) Importer(815301076,1909f56bfc062723c751e8b465ee728b)
Start importing Assets/Materials/MrBeast/hAIR.mat using Guid(282d9b82252529c49813ecc7782cae4d) Importer(815301076,1909f56bfc062723c751e8b465ee728b)  -> (artifact id: '6e1cc0803d4f998f3b38294fd15d998a') in 0.021118 seconds
Number of updated asset objects reloaded before import = 0
Number of asset objects unloaded after import = 1
========================================================================
Received Import Request.
  Time since last request: 16.216796 seconds.
  path: Assets/Materials/MrBeast/hAIR.mat
  artifactKey: Guid(282d9b82252529c49813ecc7782cae4d) Importer(815301076,1909f56bfc062723c751e8b465ee728b)
Start importing Assets/Materials/MrBeast/hAIR.mat using Guid(282d9b82252529c49813ecc7782cae4d) Importer(815301076,1909f56bfc062723c751e8b465ee728b)  -> (artifact id: '625aa0894b910dcb3942e8ee779a9a2c') in 0.059347 seconds
Number of updated asset objects reloaded before import = 0
Number of asset objects unloaded after import = 2
========================================================================
Received Import Request.
  Time since last request: 0.000016 seconds.
  path: Assets/Materials/MrBeast/Head 1.mat
  artifactKey: Guid(a2ae56957060f834ba8ee5f898f9f632) Importer(815301076,1909f56bfc062723c751e8b465ee728b)
Start importing Assets/Materials/MrBeast/Head 1.mat using Guid(a2ae56957060f834ba8ee5f898f9f632) Importer(815301076,1909f56bfc062723c751e8b465ee728b)  -> (artifact id: '6e4166aaa9c41f8dcfcb0ac2b9964c2d') in 0.023224 seconds
Number of updated asset objects reloaded before import = 0
Number of asset objects unloaded after import = 2
========================================================================
Received Import Request.
  Time since last request: 184.040246 seconds.
  path: Assets/Materials/MrBeast/Eyes.mat
  artifactKey: Guid(ba1c43993ba5c054f9fb09e5985f934f) Importer(815301076,1909f56bfc062723c751e8b465ee728b)
Start importing Assets/Materials/MrBeast/Eyes.mat using Guid(ba1c43993ba5c054f9fb09e5985f934f) Importer(815301076,1909f56bfc062723c751e8b465ee728b)  -> (artifact id: '6ec97aa658badde81667cdff696c1a17') in 0.057282 seconds
Number of updated asset objects reloaded before import = 0
Number of asset objects unloaded after import = 1
========================================================================
Received Import Request.
  Time since last request: 0.000015 seconds.
  path: Assets/Materials/MrBeast/Head.mat
  artifactKey: Guid(39f20e586c47f33459a0292e85c6d551) Importer(815301076,1909f56bfc062723c751e8b465ee728b)
Start importing Assets/Materials/MrBeast/Head.mat using Guid(39f20e586c47f33459a0292e85c6d551) Importer(815301076,1909f56bfc062723c751e8b465ee728b)  -> (artifact id: '6c681cc9b0eff80c40d6ec80b008c7a3') in 0.085991 seconds
Number of updated asset objects reloaded before import = 0
Number of asset objects unloaded after import = 2
========================================================================
Received Import Request.
  Time since last request: 173.582218 seconds.
  path: Assets/Materials/Materials/Farm Stage -1.mat
  artifactKey: Guid(c2bb77c8f21af854ea00f40fb246f319) Importer(815301076,1909f56bfc062723c751e8b465ee728b)
Start importing Assets/Materials/Materials/Farm Stage -1.mat using Guid(c2bb77c8f21af854ea00f40fb246f319) Importer(815301076,1909f56bfc062723c751e8b465ee728b)  -> (artifact id: 'e098b476eacbf62f638328c3cd3634dd') in 0.073937 seconds
Number of updated asset objects reloaded before import = 0
Number of asset objects unloaded after import = 2
========================================================================
Received Import Request.
  Time since last request: 0.000014 seconds.
  path: Assets/Materials/Materials/Farm Stage 3.mat
  artifactKey: Guid(6006942dff793454e89d74c57c137772) Importer(815301076,1909f56bfc062723c751e8b465ee728b)
Start importing Assets/Materials/Materials/Farm Stage 3.mat using Guid(6006942dff793454e89d74c57c137772) Importer(815301076,1909f56bfc062723c751e8b465ee728b)  -> (artifact id: '081f24b2d97d89c23f52ecf0f2007b5e') in 0.056068 seconds
Number of updated asset objects reloaded before import = 0
Number of asset objects unloaded after import = 2
========================================================================
Received Import Request.
  Time since last request: 0.000015 seconds.
  path: Assets/Materials/Materials/Path.terrainlayer
  artifactKey: Guid(8a9dd22c5d1a0c74aa2a3429b9649647) Importer(815301076,1909f56bfc062723c751e8b465ee728b)
Start importing Assets/Materials/Materials/Path.terrainlayer using Guid(8a9dd22c5d1a0c74aa2a3429b9649647) Importer(815301076,1909f56bfc062723c751e8b465ee728b)  -> (artifact id: '91a4007b93770ed68ba3641082ac0771') in 0.068722 seconds
Number of updated asset objects reloaded before import = 0
Number of asset objects unloaded after import = 2
========================================================================
Received Import Request.
  Time since last request: 0.000017 seconds.
  path: Assets/Materials/Materials/Stone.terrainlayer
  artifactKey: Guid(15c21e6cc31d3c244a9b56a6aba392c3) Importer(815301076,1909f56bfc062723c751e8b465ee728b)
Start importing Assets/Materials/Materials/Stone.terrainlayer using Guid(15c21e6cc31d3c244a9b56a6aba392c3) Importer(815301076,1909f56bfc062723c751e8b465ee728b)  -> (artifact id: '1fa220642ab4ac7c365c817a45224e21') in 0.046609 seconds
Number of updated asset objects reloaded before import = 0
Number of asset objects unloaded after import = 2
========================================================================
Received Import Request.
  Time since last request: 0.000024 seconds.
  path: Assets/Materials/Materials/Farm Stage 1.mat
  artifactKey: Guid(0d3dabec12f4afc4085e0d8f5d5b0570) Importer(815301076,1909f56bfc062723c751e8b465ee728b)
Start importing Assets/Materials/Materials/Farm Stage 1.mat using Guid(0d3dabec12f4afc4085e0d8f5d5b0570) Importer(815301076,1909f56bfc062723c751e8b465ee728b)  -> (artifact id: '28e7929488e01070d2d30850079f82e9') in 0.060604 seconds
Number of updated asset objects reloaded before import = 0
Number of asset objects unloaded after import = 2
========================================================================
Received Import Request.
  Time since last request: 0.911209 seconds.
  path: Assets/Items/Models/shovel.fbx
  artifactKey: Guid(a1aed832eae33394bbfc791f53db2963) Importer(815301076,1909f56bfc062723c751e8b465ee728b)
Start importing Assets/Items/Models/shovel.fbx using Guid(a1aed832eae33394bbfc791f53db2963) Importer(815301076,1909f56bfc062723c751e8b465ee728b)  -> (artifact id: '484394b947215a88a0de6f03a7a7ede8') in 0.069193 seconds
Number of updated asset objects reloaded before import = 0
Number of asset objects unloaded after import = 21
========================================================================
Received Import Request.
  Time since last request: 0.000017 seconds.
  path: Assets/Items/Models/wateringcan.fbx
  artifactKey: Guid(81cc18fe86ca52745a0cfdacdab3c830) Importer(815301076,1909f56bfc062723c751e8b465ee728b)
Start importing Assets/Items/Models/wateringcan.fbx using Guid(81cc18fe86ca52745a0cfdacdab3c830) Importer(815301076,1909f56bfc062723c751e8b465ee728b)  -> (artifact id: '592a29231afe7351c669278db41c3b52') in 0.063521 seconds
Number of updated asset objects reloaded before import = 0
Number of asset objects unloaded after import = 26
========================================================================
Received Prepare
Begin MonoManager ReloadAssembly
Symbol file LoadedFromMemory doesn't match image H:\veryimportantproject\Library\PackageCache\com.unity.visualscripting@1.8.0\Editor\VisualScripting.Core\Dependencies\YamlDotNet\Unity.VisualScripting.YamlDotNet.dll
Symbol file LoadedFromMemory doesn't match image H:\veryimportantproject\Library\PackageCache\com.unity.visualscripting@1.8.0\Editor\VisualScripting.Core\Dependencies\DotNetZip\Unity.VisualScripting.IonicZip.dll
- Loaded All Assemblies, in  1.024 seconds
Refreshing native plugins compatible for Editor in 29.67 ms, found 4 plugins.
Native extension for WindowsStandalone target not found
Mono: successfully reloaded assembly
- Finished resetting the current domain, in 18.437 seconds
Domain Reload Profiling:
	ReloadAssembly (221ms)
		BeginReloadAssembly (150ms)
			ExecutionOrderSort (0ms)
			DisableScriptedObjects (4ms)
			BackupInstance (0ms)
			ReleaseScriptingObjects (0ms)
			CreateAndSetChildDomain (43ms)
		LoadAllAssembliesAndSetupDomain (789ms)
			LoadAssemblies (643ms)
			RebuildTransferFunctionScriptingTraits (0ms)
			SetupTypeCache (196ms)
				TypeCache.Initialize (190ms)
					TypeCache.ScanAssembly (185ms)
				ResolveRequiredComponents (3ms)
		FinalizeReload (0ms)
			ReleaseScriptCaches (0ms)
			RebuildScriptCaches (0ms)
			SetupLoadedEditorAssemblies (603ms)
				LogAssemblyErrors (0ms)
				InitializePlatformSupportModulesInManaged (4ms)
				SetLoadedEditorAssemblies (2ms)
				RefreshPlugins (0ms)
				BeforeProcessingInitializeOnLoad (69ms)
				ProcessInitializeOnLoadAttributes (505ms)
				ProcessInitializeOnLoadMethodAttributes (15ms)
				AfterProcessingInitializeOnLoad (7ms)
				EditorAssembliesLoaded (0ms)
			ExecutionOrderSort2 (0ms)
			AwakeInstancesAfterBackupRestoration (5ms)
Refreshing native plugins compatible for Editor in 153.04 ms, found 4 plugins.
Preloading 0 native plugins for Editor in 0.00 ms.
Unloading 4064 Unused Serialized files (Serialized files now loaded: 0)
Unloading 41 unused Assets / (1.5 MB). Loaded Objects now: 4689.
Memory consumption went from 158.1 MB to 156.6 MB.
Total: 3.725000 ms (FindLiveObjects: 0.677100 ms CreateObjectMapping: 0.099300 ms MarkObjects: 2.463800 ms  DeleteObjects: 0.483100 ms)

Prepare: number of updated asset objects reloaded= 0
AssetImportParameters requested are different than current active one (requested -> active):
  custom:container-demuxer-ogg: 62fdf1f143b41e24485cea50d1cbac27 -> 
  custom:video-decoder-ogg-theora: a1e56fd34408186e4bbccfd4996cb3dc -> 
  custom:framework-win-MediaFoundation: 216162199b28c13a410421893ffa2e32 -> 
  custom:container-demuxer-webm: 4f35f7cbe854078d1ac9338744f61a02 -> 
  custom:container-muxer-webm: aa71ff27fc2769a1b78a27578f13a17b -> 
  custom:video-decoder-webm-vp8: 9c59270c3fd7afecdb556c50c9e8de78 -> 
  custom:AudioImporter_EditorPlatform: d09bf68614088b80899f8185d706f6e7 -> 
  custom:video-encoder-webm-vp8: eb34c28f22e8b96e1ab97ce403110664 -> 
  custom:audio-decoder-ogg-vorbis: bf7c407c2cedff20999df2af8eb42d56 -> 
  custom:audio-encoder-webm-vorbis: bf7c407c2cedff20999df2af8eb42d56 -> 
Editor requested this worker to shutdown with reason: Scaling down because of idle timeout
TcpMessagingSession - receive error: operation aborted. errorcode: 995, details: The I/O operation has been aborted because of either a thread exit or an application request.
AssetImportWorker is now disconnected from the server
Process exiting
Exiting without the bug reporter. Application will terminate with return code 0